This is pdfTeX, Version 3.14159265-2.6-1.40.17 (TeX Live 2016) (preloaded format=pdflatex 2016.6.22)  29 JUL 2016 10:32
entering extended mode
 restricted \write18 enabled.
 %&-line parsing enabled.
**labreport.tex
(./labreport.tex
LaTeX2e <2016/03/31>
Babel <3.9r> and hyphenation patterns for 22 language(s) loaded.
(/usr/local/texlive/2016basic/texmf-dist/tex/latex/base/article.cls
Document Class: article 2014/09/29 v1.4h Standard LaTeX document class
(/usr/local/texlive/2016basic/texmf-dist/tex/latex/base/size11.clo
File: size11.clo 2014/09/29 v1.4h Standard LaTeX file (size option)
)
\c@part=\count79
\c@section=\count80
\c@subsection=\count81
\c@subsubsection=\count82
\c@paragraph=\count83
\c@subparagraph=\count84
\c@figure=\count85
\c@table=\count86
\abovecaptionskip=\skip41
\belowcaptionskip=\skip42
\bibindent=\dimen102
)
(/usr/local/texlive/2016basic/texmf-dist/tex/latex/tools/tabularx.sty
Package: tabularx 2016/02/03 v2.11 `tabularx' package (DPC)

(/usr/local/texlive/2016basic/texmf-dist/tex/latex/tools/array.sty
Package: array 2014/10/28 v2.4c Tabular extension package (FMi)
\col@sep=\dimen103
\extrarowheight=\dimen104
\NC@list=\toks14
\extratabsurround=\skip43
\backup@length=\skip44
)
\TX@col@width=\dimen105
\TX@old@table=\dimen106
\TX@old@col=\dimen107
\TX@target=\dimen108
\TX@delta=\dimen109
\TX@cols=\count87
\TX@ftn=\toks15
)
(/usr/local/texlive/2016basic/texmf-dist/tex/latex/tools/longtable.sty
Package: longtable 2014/10/28 v4.11 Multi-page Table package (DPC)
\LTleft=\skip45
\LTright=\skip46
\LTpre=\skip47
\LTpost=\skip48
\LTchunksize=\count88
\LTcapwidth=\dimen110
\LT@head=\box26
\LT@firsthead=\box27
\LT@foot=\box28
\LT@lastfoot=\box29
\LT@cols=\count89
\LT@rows=\count90
\c@LT@tables=\count91
\c@LT@chunks=\count92
\LT@p@ftn=\toks16
)
(/usr/local/texlive/2016basic/texmf-dist/tex/latex/graphics/graphicx.sty
Package: graphicx 2014/10/28 v1.0g Enhanced LaTeX Graphics (DPC,SPQR)

(/usr/local/texlive/2016basic/texmf-dist/tex/latex/graphics/keyval.sty
Package: keyval 2014/10/28 v1.15 key=value parser (DPC)
\KV@toks@=\toks17
)
(/usr/local/texlive/2016basic/texmf-dist/tex/latex/graphics/graphics.sty
Package: graphics 2016/05/09 v1.0r Standard LaTeX Graphics (DPC,SPQR)

(/usr/local/texlive/2016basic/texmf-dist/tex/latex/graphics/trig.sty
Package: trig 2016/01/03 v1.10 sin cos tan (DPC)
)
(/usr/local/texlive/2016basic/texmf-dist/tex/latex/graphics-cfg/graphics.cfg
File: graphics.cfg 2016/01/02 v1.10 sample graphics configuration
)
Package graphics Info: Driver file: pdftex.def on input line 96.

(/usr/local/texlive/2016basic/texmf-dist/tex/latex/pdftex-def/pdftex.def
File: pdftex.def 2011/05/27 v0.06d Graphics/color for pdfTeX

(/usr/local/texlive/2016basic/texmf-dist/tex/generic/oberdiek/infwarerr.sty
Package: infwarerr 2016/05/16 v1.4 Providing info/warning/error messages (HO)
)
(/usr/local/texlive/2016basic/texmf-dist/tex/generic/oberdiek/ltxcmds.sty
Package: ltxcmds 2016/05/16 v1.23 LaTeX kernel commands for general use (HO)
)
\Gread@gobject=\count93
))
\Gin@req@height=\dimen111
\Gin@req@width=\dimen112
)
(/usr/local/texlive/2016basic/texmf-dist/tex/latex/cite/cite.sty
LaTeX Info: Redefining \cite on input line 302.
LaTeX Info: Redefining \nocite on input line 332.
Package: cite 2015/02/27  v 5.5
)
(./labreport.aux)
\openout1 = `labreport.aux'.

LaTeX Font Info:    Checking defaults for OML/cmm/m/it on input line 29.
LaTeX Font Info:    ... okay on input line 29.
LaTeX Font Info:    Checking defaults for T1/cmr/m/n on input line 29.
LaTeX Font Info:    ... okay on input line 29.
LaTeX Font Info:    Checking defaults for OT1/cmr/m/n on input line 29.
LaTeX Font Info:    ... okay on input line 29.
LaTeX Font Info:    Checking defaults for OMS/cmsy/m/n on input line 29.
LaTeX Font Info:    ... okay on input line 29.
LaTeX Font Info:    Checking defaults for OMX/cmex/m/n on input line 29.
LaTeX Font Info:    ... okay on input line 29.
LaTeX Font Info:    Checking defaults for U/cmr/m/n on input line 29.
LaTeX Font Info:    ... okay on input line 29.

(/usr/local/texlive/2016basic/texmf-dist/tex/context/base/mkii/supp-pdf.mkii
[Loading MPS to PDF converter (version 2006.09.02).]
\scratchcounter=\count94
\scratchdimen=\dimen113
\scratchbox=\box30
\nofMPsegments=\count95
\nofMParguments=\count96
\everyMPshowfont=\toks18
\MPscratchCnt=\count97
\MPscratchDim=\dimen114
\MPnumerator=\count98
\makeMPintoPDFobject=\count99
\everyMPtoPDFconversion=\toks19
) (/usr/local/texlive/2016basic/texmf-dist/tex/generic/oberdiek/pdftexcmds.sty
Package: pdftexcmds 2016/05/10 v0.21 Utility functions of pdfTeX for LuaTeX (HO
)

(/usr/local/texlive/2016basic/texmf-dist/tex/generic/oberdiek/ifluatex.sty
Package: ifluatex 2016/05/16 v1.4 Provides the ifluatex switch (HO)
Package ifluatex Info: LuaTeX not detected.
)
(/usr/local/texlive/2016basic/texmf-dist/tex/generic/oberdiek/ifpdf.sty
Package: ifpdf 2016/05/14 v3.1 Provides the ifpdf switch
)
Package pdftexcmds Info: LuaTeX not detected.
Package pdftexcmds Info: \pdf@primitive is available.
Package pdftexcmds Info: \pdf@ifprimitive is available.
Package pdftexcmds Info: \pdfdraftmode found.
)
(/usr/local/texlive/2016basic/texmf-dist/tex/latex/oberdiek/epstopdf-base.sty
Package: epstopdf-base 2016/05/15 v2.6 Base part for package epstopdf

(/usr/local/texlive/2016basic/texmf-dist/tex/latex/oberdiek/grfext.sty
Package: grfext 2016/05/16 v1.2 Manage graphics extensions (HO)

(/usr/local/texlive/2016basic/texmf-dist/tex/generic/oberdiek/kvdefinekeys.sty
Package: kvdefinekeys 2016/05/16 v1.4 Define keys (HO)
)) (/usr/local/texlive/2016basic/texmf-dist/tex/latex/oberdiek/kvoptions.sty
Package: kvoptions 2016/05/16 v3.12 Key value format for package options (HO)

(/usr/local/texlive/2016basic/texmf-dist/tex/generic/oberdiek/kvsetkeys.sty
Package: kvsetkeys 2016/05/16 v1.17 Key value parser (HO)

(/usr/local/texlive/2016basic/texmf-dist/tex/generic/oberdiek/etexcmds.sty
Package: etexcmds 2016/05/16 v1.6 Avoid name clashes with e-TeX commands (HO)
Package etexcmds Info: Could not find \expanded.
(etexcmds)             That can mean that you are not using pdfTeX 1.50 or
(etexcmds)             that some package has redefined \expanded.
(etexcmds)             In the latter case, load this package earlier.
)))
Package grfext Info: Graphics extension search list:
(grfext)             [.png,.pdf,.jpg,.mps,.jpeg,.jbig2,.jb2,.PNG,.PDF,.JPG,.JPE
G,.JBIG2,.JB2,.eps]
(grfext)             \AppendGraphicsExtensions on input line 456.

(/usr/local/texlive/2016basic/texmf-dist/tex/latex/latexconfig/epstopdf-sys.cfg
File: epstopdf-sys.cfg 2010/07/13 v1.3 Configuration of (r)epstopdf for TeX Liv
e
))
LaTeX Font Info:    External font `cmex10' loaded for size
(Font)              <12> on input line 41.
LaTeX Font Info:    External font `cmex10' loaded for size
(Font)              <8> on input line 41.
LaTeX Font Info:    External font `cmex10' loaded for size
(Font)              <6> on input line 41.


LaTeX Warning: Citation `goluoglu2001time' on page 1 undefined on input line 48
.


LaTeX Warning: Citation `Gehin' on page 1 undefined on input line 50.

LaTeX Font Info:    External font `cmex10' loaded for size
(Font)              <10.95> on input line 51.
[1

{/usr/local/texlive/2016basic/texmf-var/fonts/map/pdftex/updmap/pdftex.map}]

LaTeX Warning: Citation `Bentley' on page 2 undefined on input line 65.


LaTeX Warning: Citation `Waddell' on page 2 undefined on input line 65.


LaTeX Warning: Citation `goluoglu2001time' on page 2 undefined on input line 65
.


LaTeX Warning: Citation `Gehin' on page 2 undefined on input line 65.


LaTeX Warning: Citation `Shayesteh' on page 2 undefined on input line 65.


LaTeX Warning: Citation `Bentley' on page 2 undefined on input line 65.

<figures/tdkeno_flow.pdf, id=13, 476.78125pt x 289.08pt>
File: figures/tdkeno_flow.pdf Graphic file (type pdf)

<use figures/tdkeno_flow.pdf>
Package pdftex.def Info: figures/tdkeno_flow.pdf used on input line 70.
(pdftex.def)             Requested size: 227.62204pt x 138.01135pt.

<figures/time_scale.pdf, id=14, 702.625pt x 157.58875pt>
File: figures/time_scale.pdf Graphic file (type pdf)

<use figures/time_scale.pdf>
Package pdftex.def Info: figures/time_scale.pdf used on input line 79.
(pdftex.def)             Requested size: 284.52756pt x 63.81587pt.


LaTeX Warning: `h' float specifier changed to `ht'.


LaTeX Warning: Citation `Dulla' on page 2 undefined on input line 84.

[2 <./figures/tdkeno_flow.pdf>]

LaTeX Warning: Citation `Bentley' on page 3 undefined on input line 95.

[3 <./figures/time_scale.pdf>] [4]
<figures/big_to_small.jpg, id=65, 1209.51875pt x 652.4375pt>
File: figures/big_to_small.jpg Graphic file (type jpg)

<use figures/big_to_small.jpg>
Package pdftex.def Info: figures/big_to_small.jpg used on input line 117.
(pdftex.def)             Requested size: 398.33858pt x 214.86699pt.
 [5 <./figures/big_to_small.jpg>] [6]
<figures/progression-mesh.png, id=72, 754.82pt x 1322.9425pt>
File: figures/progression-mesh.png Graphic file (type png)

<use figures/progression-mesh.png>
Package pdftex.def Info: figures/progression-mesh.png used on input line 159.
(pdftex.def)             Requested size: 184.9429pt x 324.13385pt.
 [7 <./figures/progression-mesh.png>]
<figures/nodalvsquad.png, id=79, 368.37625pt x 352.31625pt>
File: figures/nodalvsquad.png Graphic file (type png)

<use figures/nodalvsquad.png>
Package pdftex.def Info: figures/nodalvsquad.png used on input line 168.
(pdftex.def)             Requested size: 227.62204pt x 217.69731pt.
 [8 <./figures/nodalvsquad.png>]
<figures/large-with-mesh-temp.png, id=85, 813.0375pt x 701.62125pt>
File: figures/large-with-mesh-temp.png Graphic file (type png)

<use figures/large-with-mesh-temp.png>
Package pdftex.def Info: figures/large-with-mesh-temp.png used on input line 19
0.
(pdftex.def)             Requested size: 227.62204pt x 196.42049pt.

<figures/flowcharttdk.png, id=86, 1011.78pt x 780.9175pt>
File: figures/flowcharttdk.png Graphic file (type png)

<use figures/flowcharttdk.png>
Package pdftex.def Info: figures/flowcharttdk.png used on input line 199.
(pdftex.def)             Requested size: 455.24408pt x 351.37387pt.

Overfull \hbox (21.62408pt too wide) in paragraph at lines 199--200
 [][] 
 []


LaTeX Warning: `h' float specifier changed to `ht'.

[9 <./figures/large-with-mesh-temp.png (PNG copy)>] [10 <./figures/flowcharttdk
.png>]

LaTeX Warning: Citation `Bentley' on page 11 undefined on input line 224.


LaTeX Warning: Citation `bowman2007overview' on page 11 undefined on input line
 229.

[11]

LaTeX Warning: Citation `viitanen2012explicit' on page 12 undefined on input li
ne 233.


LaTeX Warning: Citation `leppanen2013modeling' on page 12 undefined on input li
ne 233.


LaTeX Warning: Citation `josey2016windowed' on page 12 undefined on input line 
235.

LaTeX Font Info:    Try loading font information for OMS+cmr on input line 250.

(/usr/local/texlive/2016basic/texmf-dist/tex/latex/base/omscmr.fd
File: omscmr.fd 2014/09/29 v2.5h Standard LaTeX font definitions
)
LaTeX Font Info:    Font shape `OMS/cmr/m/n' in size <10.95> not available
(Font)              Font shape `OMS/cmsy/m/n' tried instead on input line 250.
 [12]
[13]

LaTeX Warning: Citation `griesheimer2004two' on page 14 undefined on input line
 281.

<figures/zernike-circle.png, id=105, 602.25pt x 454.69875pt>
File: figures/zernike-circle.png Graphic file (type png)

<use figures/zernike-circle.png>
Package pdftex.def Info: figures/zernike-circle.png used on input line 285.
(pdftex.def)             Requested size: 284.52756pt x 214.82547pt.


LaTeX Warning: Citation `ferreira2015orthogonal' on page 14 undefined on input 
line 286.


LaTeX Warning: Citation `ferreira2015orthogonal' on page 14 undefined on input 
line 290.

<figures/octogon-FET.png, id=106, 712.6625pt x 417.56pt>
File: figures/octogon-FET.png Graphic file (type png)

<use figures/octogon-FET.png>
Package pdftex.def Info: figures/octogon-FET.png used on input line 293.
(pdftex.def)             Requested size: 227.62204pt x 133.36707pt.


LaTeX Warning: Citation `ferreira2015orthogonal' on page 14 undefined on input 
line 294.

[14 <./figures/zernike-circle.png>] [15 <./figures/octogon-FET.png>]

LaTeX Warning: Citation `fraley1980monte' on page 16 undefined on input line 31
9.


LaTeX Warning: Citation `hoffman1976monte' on page 16 undefined on input line 3
19.


LaTeX Warning: Citation `haji1967solution' on page 16 undefined on input line 3
19.


LaTeX Warning: Citation `song2007improved' on page 16 undefined on input line 3
19.

[16] [17]
No file labreport.bbl.
[18] (./labreport.aux)

LaTeX Warning: There were undefined references.


LaTeX Warning: Label(s) may have changed. Rerun to get cross-references right.

 ) 
Here is how much of TeX's memory you used:
 1856 strings out of 494447
 27166 string characters out of 6166766
 84209 words of memory out of 5000000
 5173 multiletter control sequences out of 15000+600000
 9157 words of font info for 32 fonts, out of 8000000 for 9000
 319 hyphenation exceptions out of 8191
 38i,6n,23p,1599b,224s stack positions out of 5000i,500n,10000p,200000b,80000s
</usr/local/texlive/2016basic/texmf-dist/fonts/type1/public/amsfonts/cm/cmbx1
0.pfb></usr/local/texlive/2016basic/texmf-dist/fonts/type1/public/amsfonts/cm/c
mbx12.pfb></usr/local/texlive/2016basic/texmf-dist/fonts/type1/public/amsfonts/
cm/cmex10.pfb></usr/local/texlive/2016basic/texmf-dist/fonts/type1/public/amsfo
nts/cm/cmmi10.pfb></usr/local/texlive/2016basic/texmf-dist/fonts/type1/public/a
msfonts/cm/cmmi6.pfb></usr/local/texlive/2016basic/texmf-dist/fonts/type1/publi
c/amsfonts/cm/cmmi8.pfb></usr/local/texlive/2016basic/texmf-dist/fonts/type1/pu
blic/amsfonts/cm/cmr10.pfb></usr/local/texlive/2016basic/texmf-dist/fonts/type1
/public/amsfonts/cm/cmr12.pfb></usr/local/texlive/2016basic/texmf-dist/fonts/ty
pe1/public/amsfonts/cm/cmr17.pfb></usr/local/texlive/2016basic/texmf-dist/fonts
/type1/public/amsfonts/cm/cmr6.pfb></usr/local/texlive/2016basic/texmf-dist/fon
ts/type1/public/amsfonts/cm/cmr8.pfb></usr/local/texlive/2016basic/texmf-dist/f
onts/type1/public/amsfonts/cm/cmsy10.pfb></usr/local/texlive/2016basic/texmf-di
st/fonts/type1/public/amsfonts/cm/cmsy8.pfb></usr/local/texlive/2016basic/texmf
-dist/fonts/type1/public/amsfonts/cm/cmti10.pfb>
Output written on labreport.pdf (18 pages, 1008821 bytes).
PDF statistics:
 168 PDF objects out of 1000 (max. 8388607)
 94 compressed objects within 1 object stream
 0 named destinations out of 1000 (max. 500000)
 46 words of extra memory for PDF output out of 10000 (max. 10000000)

